<?xml version="1.0" encoding="UTF-8"?>
<!-- Generated by org.testng.reporters.JUnitXMLReporter -->
<testsuite ignored="0" hostname="Prasad" failures="0" tests="12" name="QaTestCases" time="58.734" errors="0" timestamp="2023-09-15T00:54:21 IST">
  <testcase classname="com.testQaTestCases.Register" name="verify_Register_With_Mandatory_Fields" time="2.234"/>
  <testcase classname="com.testQaTestCases.Register" name="verify_Register_With_all_fields" time="1.956"/>
  <testcase classname="com.testQaTestCases.Register" name="Verify_Register_with_existing_mailId" time="1.686"/>
  <testcase classname="com.testQaTestCases.Register" name="Verify_Registring_Account_without_Filling_anyDetails" time="1.272"/>
  <testcase classname="com.testQaTestCases.Login" name="verifyWithLoginValidCredentials" time="0.857"/>
  <testcase classname="com.testQaTestCases.Login" name="verifyLoginWithInValidEmailIvalidPassword" time="0.863"/>
  <testcase classname="com.testQaTestCases.Login" name="verifyLoginWithInvalidEamil" time="0.82"/>
  <testcase classname="com.testQaTestCases.Login" name="verifyLoginWithInValidPassword" time="0.776"/>
  <testcase classname="com.testQaTestCases.Login" name="verifyLoginWihouCredentails" time="0.788"/>
  <testcase classname="com.testQaTestCases.Search" name="verifySearchWithValidProduct" time="0.369"/>
  <testcase classname="com.testQaTestCases.Search" name="verfiyWithInvalidText" time="0.322"/>
  <testcase classname="com.testQaTestCases.Search" name="verifyWithoutAnyProduct" time="0.397"/>
</testsuite> <!-- QaTestCases -->
