<?xml version="1.0" encoding="UTF-8"?>
<testng-results ignored="0" total="4" passed="4" failed="0" skipped="0">
  <reporter-output>
  </reporter-output>
  <suite started-at="2023-09-15T23:58:55 IST" name="Default suite" finished-at="2023-09-15T23:59:18 IST" duration-ms="22291">
    <groups>
    </groups>
    <test started-at="2023-09-15T23:58:55 IST" name="Default test" finished-at="2023-09-15T23:59:18 IST" duration-ms="22291">
      <class name="com.testQaTestCases.Register">
        <test-method is-config="true" signature="setUp()[pri:0, instance:com.testQaTestCases.Register@750e2b97]" started-at="2023-09-15T23:58:55 IST" name="setUp" finished-at="2023-09-15T23:59:00 IST" duration-ms="4747" status="PASS">
          <reporter-output>
          </reporter-output>
        </test-method> <!-- setUp -->
        <test-method signature="verify_Register_With_Mandatory_Fields()[pri:0, instance:com.testQaTestCases.Register@750e2b97]" started-at="2023-09-15T23:59:00 IST" name="verify_Register_With_Mandatory_Fields" finished-at="2023-09-15T23:59:02 IST" duration-ms="1749" status="PASS">
          <reporter-output>
          </reporter-output>
        </test-method> <!-- verify_Register_With_Mandatory_Fields -->
        <test-method is-config="true" signature="setUp()[pri:0, instance:com.testQaTestCases.Register@750e2b97]" started-at="2023-09-15T23:59:02 IST" name="setUp" finished-at="2023-09-15T23:59:06 IST" duration-ms="4392" status="PASS">
          <reporter-output>
          </reporter-output>
        </test-method> <!-- setUp -->
        <test-method signature="verify_Register_With_all_fields()[pri:2, instance:com.testQaTestCases.Register@750e2b97]" started-at="2023-09-15T23:59:06 IST" name="verify_Register_With_all_fields" finished-at="2023-09-15T23:59:08 IST" duration-ms="1389" status="PASS">
          <reporter-output>
          </reporter-output>
        </test-method> <!-- verify_Register_With_all_fields -->
        <test-method is-config="true" signature="setUp()[pri:0, instance:com.testQaTestCases.Register@750e2b97]" started-at="2023-09-15T23:59:08 IST" name="setUp" finished-at="2023-09-15T23:59:12 IST" duration-ms="4290" status="PASS">
          <reporter-output>
          </reporter-output>
        </test-method> <!-- setUp -->
        <test-method signature="Verify_Register_with_existing_mailId()[pri:3, instance:com.testQaTestCases.Register@750e2b97]" started-at="2023-09-15T23:59:12 IST" name="Verify_Register_with_existing_mailId" finished-at="2023-09-15T23:59:13 IST" duration-ms="1174" status="PASS">
          <reporter-output>
          </reporter-output>
        </test-method> <!-- Verify_Register_with_existing_mailId -->
        <test-method is-config="true" signature="setUp()[pri:0, instance:com.testQaTestCases.Register@750e2b97]" started-at="2023-09-15T23:59:13 IST" name="setUp" finished-at="2023-09-15T23:59:17 IST" duration-ms="3699" status="PASS">
          <reporter-output>
          </reporter-output>
        </test-method> <!-- setUp -->
        <test-method signature="Verify_Registring_Account_without_Filling_anyDetails()[pri:4, instance:com.testQaTestCases.Register@750e2b97]" started-at="2023-09-15T23:59:17 IST" name="Verify_Registring_Account_without_Filling_anyDetails" finished-at="2023-09-15T23:59:18 IST" duration-ms="787" status="PASS">
          <reporter-output>
          </reporter-output>
        </test-method> <!-- Verify_Registring_Account_without_Filling_anyDetails -->
      </class> <!-- com.testQaTestCases.Register -->
    </test> <!-- Default test -->
  </suite> <!-- Default suite -->
</testng-results>
