<?xml version="1.0" encoding="UTF-8"?>
<testng-results ignored="0" total="2" passed="2" failed="0" skipped="0">
  <reporter-output>
  </reporter-output>
  <suite started-at="2023-09-12T23:11:06 IST" name="Default suite" finished-at="2023-09-12T23:11:17 IST" duration-ms="10868">
    <groups>
    </groups>
    <test started-at="2023-09-12T23:11:06 IST" name="Default test" finished-at="2023-09-12T23:11:17 IST" duration-ms="10868">
      <class name="com.testQaTestCases.Login">
        <test-method signature="verifyWithLoginInvalidCredentials()[pri:0, instance:com.testQaTestCases.Login@6c1a5b54]" started-at="2023-09-12T23:11:06 IST" name="verifyWithLoginInvalidCredentials" finished-at="2023-09-12T23:11:12 IST" duration-ms="5896" status="PASS">
          <reporter-output>
          </reporter-output>
        </test-method> <!-- verifyWithLoginInvalidCredentials -->
        <test-method signature="verifyWithLoginValidCredentials()[pri:0, instance:com.testQaTestCases.Login@6c1a5b54]" started-at="2023-09-12T23:11:12 IST" name="verifyWithLoginValidCredentials" finished-at="2023-09-12T23:11:17 IST" duration-ms="4901" status="PASS">
          <reporter-output>
          </reporter-output>
        </test-method> <!-- verifyWithLoginValidCredentials -->
      </class> <!-- com.testQaTestCases.Login -->
    </test> <!-- Default test -->
  </suite> <!-- Default suite -->
</testng-results>
