<?xml version="1.0" encoding="UTF-8"?>
<!-- Generated by org.testng.reporters.JUnitXMLReporter -->
<testsuite ignored="1" hostname="Prasad" failures="4" tests="4" name="Default test(failed)" time="23.009" errors="0" timestamp="2023-09-17T16:34:11 IST">
  <testcase classname="com.testQaTestCases.Login" name="verifyLoginWithInValidEmailIvalidPassword" time="0.028">
    <failure type="java.lang.NullPointerException">
      <![CDATA[java.lang.NullPointerException
at com.testQaTestCases.Login.verifyLoginWithInValidEmailIvalidPassword(Login.java:51)
at java.base/java.util.ArrayList.forEach(ArrayList.java:1541)
... Removed 27 stack frames]]>
    </failure>
  </testcase> <!-- verifyLoginWithInValidEmailIvalidPassword -->
  <testcase classname="com.testQaTestCases.Login" name="verifyLoginWithInvalidEamil" time="0.002">
    <failure type="java.lang.NullPointerException">
      <![CDATA[java.lang.NullPointerException
at com.testQaTestCases.Login.verifyLoginWithInvalidEamil(Login.java:62)
at java.base/java.util.ArrayList.forEach(ArrayList.java:1541)
... Removed 27 stack frames]]>
    </failure>
  </testcase> <!-- verifyLoginWithInvalidEamil -->
  <testcase classname="com.testQaTestCases.Login" name="verifyLoginWithInValidPassword" time="0.001">
    <failure type="java.lang.NullPointerException">
      <![CDATA[java.lang.NullPointerException
at com.testQaTestCases.Login.verifyLoginWithInValidPassword(Login.java:73)
at java.base/java.util.ArrayList.forEach(ArrayList.java:1541)
... Removed 27 stack frames]]>
    </failure>
  </testcase> <!-- verifyLoginWithInValidPassword -->
  <testcase classname="com.testQaTestCases.Login" name="verifyLoginWihoutCredentails" time="0.003">
    <failure type="java.lang.NullPointerException">
      <![CDATA[java.lang.NullPointerException
at com.testQaTestCases.Login.verifyLoginWihoutCredentails(Login.java:84)
at java.base/java.util.ArrayList.forEach(ArrayList.java:1541)
... Removed 27 stack frames]]>
    </failure>
  </testcase> <!-- verifyLoginWihoutCredentails -->
  <testcase classname="com.testQaTestCases.Login" name="verifyWithLoginValidCredentials" time="0.0">
    <ignored/>
  </testcase> <!-- verifyWithLoginValidCredentials -->
</testsuite> <!-- Default test(failed) -->
