<?xml version="1.0" encoding="UTF-8"?>
<!-- Generated by org.testng.reporters.JUnitXMLReporter -->
<testsuite ignored="2" hostname="Prasad" failures="0" tests="1" name="Default test" time="4.37" errors="0" timestamp="2023-09-17T23:46:37 IST">
  <testcase classname="com.testQaTestCases.Search" name="verifyWithoutAnyProduct" time="0.421"/>
  <testcase classname="com.testQaTestCases.Search" name="verfiyWithInvalidText" time="0.0">
    <ignored/>
  </testcase> <!-- verfiyWithInvalidText -->
  <testcase classname="com.testQaTestCases.Search" name="verifySearchWithValidProduct" time="0.0">
    <ignored/>
  </testcase> <!-- verifySearchWithValidProduct -->
</testsuite> <!-- Default test -->
