<?xml version="1.0" encoding="UTF-8"?>
<!-- Generated by org.testng.reporters.JUnitXMLReporter -->
<testsuite ignored="4" hostname="Prasad" failures="0" tests="1" name="Default test" time="6.091" errors="0" timestamp="2023-09-15T00:53:10 IST">
  <testcase classname="com.testQaTestCases.Login" name="verifyWithLoginValidCredentials" time="1.115"/>
  <testcase classname="com.testQaTestCases.Login" name="verifyLoginWihouCredentails" time="0.0">
    <ignored/>
  </testcase> <!-- verifyLoginWihouCredentails -->
  <testcase classname="com.testQaTestCases.Login" name="verifyLoginWithInValidEmailIvalidPassword" time="0.0">
    <ignored/>
  </testcase> <!-- verifyLoginWithInValidEmailIvalidPassword -->
  <testcase classname="com.testQaTestCases.Login" name="verifyLoginWithInValidPassword" time="0.0">
    <ignored/>
  </testcase> <!-- verifyLoginWithInValidPassword -->
  <testcase classname="com.testQaTestCases.Login" name="verifyLoginWithInvalidEamil" time="0.0">
    <ignored/>
  </testcase> <!-- verifyLoginWithInvalidEamil -->
</testsuite> <!-- Default test -->
